2018/03/25 13:54:12 [error] [exception.CHttpException.404] exception 'CHttpException' with message 'Unable to resolve the request "login".' in C:\xampp\htdocs\sppdonline\framework\web\CWebApplication.php:286
Stack trace:
#0 C:\xampp\htdocs\sppdonline\framework\web\CWebApplication.php(141): CWebApplication->runController('login')
#1 C:\xampp\htdocs\sppdonline\framework\base\CApplication.php(184): CWebApplication->processRequest()
#2 C:\xampp\htdocs\sppdonline\index.php(13): CApplication->run()
#3 {main}
REQUEST_URI=/sppdonline/index.php?r=login
---
2018/03/25 13:54:33 [error] [exception.CException] exception 'CException' with message 'PegawaiController cannot find the requested view "_search".' in C:\xampp\htdocs\sppdonline\framework\web\CController.php:878
Stack trace:
#0 C:\xampp\htdocs\sppdonline\protected\views\pegawai\admin.php(40): CController->renderPartial('_search', Array)
#1 C:\xampp\htdocs\sppdonline\framework\web\CBaseController.php(126): require('C:\\xampp\\htdocs...')
#2 C:\xampp\htdocs\sppdonline\framework\web\CBaseController.php(95): CBaseController->renderInternal('C:\\xampp\\htdocs...', Array, true)
#3 C:\xampp\htdocs\sppdonline\framework\web\CController.php(869): CBaseController->renderFile('C:\\xampp\\htdocs...', Array, true)
#4 C:\xampp\htdocs\sppdonline\framework\web\CController.php(782): CController->renderPartial('admin', Array, true)
#5 C:\xampp\htdocs\sppdonline\protected\controllers\PegawaiController.php(143): CController->render('admin', Array)
#6 C:\xampp\htdocs\sppdonline\framework\web\actions\CInlineAction.php(49): PegawaiController->actionAdmin()
#7 C:\xampp\htdocs\sppdonline\framework\web\CController.php(308): CInlineAction->runWithParams(Array)
#8 C:\xampp\htdocs\sppdonline\framework\web\filters\CFilterChain.php(133): CController->runAction(Object(CInlineAction))
#9 C:\xampp\htdocs\sppdonline\framework\web\filters\CFilter.php(40): CFilterChain->run()
#10 C:\xampp\htdocs\sppdonline\framework\web\CController.php(1145): CFilter->filter(Object(CFilterChain))
#11 C:\xampp\htdocs\sppdonline\framework\web\filters\CInlineFilter.php(58): CController->filterAccessControl(Object(CFilterChain))
#12 C:\xampp\htdocs\sppdonline\framework\web\filters\CFilterChain.php(130): CInlineFilter->filter(Object(CFilterChain))
#13 C:\xampp\htdocs\sppdonline\framework\web\CController.php(291): CFilterChain->run()
#14 C:\xampp\htdocs\sppdonline\framework\web\CController.php(265): CController->runActionWithFilters(Object(CInlineAction), Array)
#15 C:\xampp\htdocs\sppdonline\framework\web\CWebApplication.php(282): CController->run('admin')
#16 C:\xampp\htdocs\sppdonline\framework\web\CWebApplication.php(141): CWebApplication->runController('pegawai/admin')
#17 C:\xampp\htdocs\sppdonline\framework\base\CApplication.php(184): CWebApplication->processRequest()
#18 C:\xampp\htdocs\sppdonline\index.php(13): CApplication->run()
#19 {main}
REQUEST_URI=/sppdonline/index.php?r=pegawai/admin
---
2018/03/25 14:14:12 [error] [exception.CException] exception 'CException' with message 'PegawaiController cannot find the requested view "_search".' in C:\xampp\htdocs\sppdonline\framework\web\CController.php:878
Stack trace:
#0 C:\xampp\htdocs\sppdonline\protected\views\pegawai\admin.php(40): CController->renderPartial('_search', Array)
#1 C:\xampp\htdocs\sppdonline\framework\web\CBaseController.php(126): require('C:\\xampp\\htdocs...')
#2 C:\xampp\htdocs\sppdonline\framework\web\CBaseController.php(95): CBaseController->renderInternal('C:\\xampp\\htdocs...', Array, true)
#3 C:\xampp\htdocs\sppdonline\framework\web\CController.php(869): CBaseController->renderFile('C:\\xampp\\htdocs...', Array, true)
#4 C:\xampp\htdocs\sppdonline\framework\web\CController.php(782): CController->renderPartial('admin', Array, true)
#5 C:\xampp\htdocs\sppdonline\protected\controllers\PegawaiController.php(143): CController->render('admin', Array)
#6 C:\xampp\htdocs\sppdonline\framework\web\actions\CInlineAction.php(49): PegawaiController->actionAdmin()
#7 C:\xampp\htdocs\sppdonline\framework\web\CController.php(308): CInlineAction->runWithParams(Array)
#8 C:\xampp\htdocs\sppdonline\framework\web\filters\CFilterChain.php(133): CController->runAction(Object(CInlineAction))
#9 C:\xampp\htdocs\sppdonline\framework\web\filters\CFilter.php(40): CFilterChain->run()
#10 C:\xampp\htdocs\sppdonline\framework\web\CController.php(1145): CFilter->filter(Object(CFilterChain))
#11 C:\xampp\htdocs\sppdonline\framework\web\filters\CInlineFilter.php(58): CController->filterAccessControl(Object(CFilterChain))
#12 C:\xampp\htdocs\sppdonline\framework\web\filters\CFilterChain.php(130): CInlineFilter->filter(Object(CFilterChain))
#13 C:\xampp\htdocs\sppdonline\framework\web\CController.php(291): CFilterChain->run()
#14 C:\xampp\htdocs\sppdonline\framework\web\CController.php(265): CController->runActionWithFilters(Object(CInlineAction), Array)
#15 C:\xampp\htdocs\sppdonline\framework\web\CWebApplication.php(282): CController->run('admin')
#16 C:\xampp\htdocs\sppdonline\framework\web\CWebApplication.php(141): CWebApplication->runController('pegawai/admin')
#17 C:\xampp\htdocs\sppdonline\framework\base\CApplication.php(184): CWebApplication->processRequest()
#18 C:\xampp\htdocs\sppdonline\index.php(13): CApplication->run()
#19 {main}
REQUEST_URI=/sppdonline/index.php?r=pegawai/admin
HTTP_REFERER=http://localhost/sppdonline/index.php?r=pegawai/create
---
2018/03/25 14:14:28 [error] [exception.CException] exception 'CException' with message 'PegawaiController cannot find the requested view "_search".' in C:\xampp\htdocs\sppdonline\framework\web\CController.php:878
Stack trace:
#0 C:\xampp\htdocs\sppdonline\protected\views\pegawai\admin.php(40): CController->renderPartial('_search', Array)
#1 C:\xampp\htdocs\sppdonline\framework\web\CBaseController.php(126): require('C:\\xampp\\htdocs...')
#2 C:\xampp\htdocs\sppdonline\framework\web\CBaseController.php(95): CBaseController->renderInternal('C:\\xampp\\htdocs...', Array, true)
#3 C:\xampp\htdocs\sppdonline\framework\web\CController.php(869): CBaseController->renderFile('C:\\xampp\\htdocs...', Array, true)
#4 C:\xampp\htdocs\sppdonline\framework\web\CController.php(782): CController->renderPartial('admin', Array, true)
#5 C:\xampp\htdocs\sppdonline\protected\controllers\PegawaiController.php(143): CController->render('admin', Array)
#6 C:\xampp\htdocs\sppdonline\framework\web\actions\CInlineAction.php(49): PegawaiController->actionAdmin()
#7 C:\xampp\htdocs\sppdonline\framework\web\CController.php(308): CInlineAction->runWithParams(Array)
#8 C:\xampp\htdocs\sppdonline\framework\web\filters\CFilterChain.php(133): CController->runAction(Object(CInlineAction))
#9 C:\xampp\htdocs\sppdonline\framework\web\filters\CFilter.php(40): CFilterChain->run()
#10 C:\xampp\htdocs\sppdonline\framework\web\CController.php(1145): CFilter->filter(Object(CFilterChain))
#11 C:\xampp\htdocs\sppdonline\framework\web\filters\CInlineFilter.php(58): CController->filterAccessControl(Object(CFilterChain))
#12 C:\xampp\htdocs\sppdonline\framework\web\filters\CFilterChain.php(130): CInlineFilter->filter(Object(CFilterChain))
#13 C:\xampp\htdocs\sppdonline\framework\web\CController.php(291): CFilterChain->run()
#14 C:\xampp\htdocs\sppdonline\framework\web\CController.php(265): CController->runActionWithFilters(Object(CInlineAction), Array)
#15 C:\xampp\htdocs\sppdonline\framework\web\CWebApplication.php(282): CController->run('admin')
#16 C:\xampp\htdocs\sppdonline\framework\web\CWebApplication.php(141): CWebApplication->runController('pegawai/admin')
#17 C:\xampp\htdocs\sppdonline\framework\base\CApplication.php(184): CWebApplication->processRequest()
#18 C:\xampp\htdocs\sppdonline\index.php(13): CApplication->run()
#19 {main}
REQUEST_URI=/sppdonline/index.php?r=pegawai/admin
HTTP_REFERER=http://localhost/sppdonline/index.php?r=pegawai/create
---
